[backblue.gif]
[fade.gif]
[index.html]
[www.w3schools.com/lib/w3.css]
[www.google-analytics.com/analytics.js]
[www.w3schools.com/stdtheme.css]
[www.w3schools.com/images/w3cert.gif]
[www.w3schools.com/images/colorpicker.gif]
[www.w3schools.com/images/w3schoolscom_gray.gif]
[www.w3schools.com/lib/w3schools_footer.js]
[www.w3schools.com/css/default.html]
[www.w3schools.com/lib/w3.css]
[www.w3schools.com/lib/fonts/fontawesome8deb.eot]
[www.w3schools.com/lib/fonts/fontawesome8deb.woff]
[www.w3schools.com/lib/fonts/fontawesome8deb.ttf]
[www.w3schools.com/stdtheme.css]
[www.w3schools.com/css/css_intro.html]
[www.w3schools.com/css/selector.gif]
[www.w3schools.com/css/css_syntax.html]
[www.w3schools.com/css/css_howto.html]
[www.w3schools.com/css/css_colors.html]
[www.w3schools.com/css/mountain.jpg]
[www.w3schools.com/css/css_background.html]
[www.w3schools.com/images/tryitimg.gif]
[www.w3schools.com/css/css_border.html]
[www.w3schools.com/css/css_margin.html]
[www.w3schools.com/css/css_padding.html]
[www.w3schools.com/css/css_dimension.html]
[www.w3schools.com/css/css_boxmodel.html]
[www.w3schools.com/css/css_outline.html]
[www.w3schools.com/css/css_text.html]
[www.w3schools.com/css/serif.gif]
[www.w3schools.com/css/css_font.html]
[www.w3schools.com/css/css_link.html]
[www.w3schools.com/css/css_list.html]
[www.w3schools.com/css/css_table.html]
[www.w3schools.com/css/css_display_visibility.html]
[www.w3schools.com/css/css_max-width.html]
[www.w3schools.com/css/w3css.gif]
[www.w3schools.com/css/trolltunga.jpg]
[www.w3schools.com/css/css_positioning.html]
[www.w3schools.com/css/css_overflow.html]
[www.w3schools.com/css/css_float.html]
[www.w3schools.com/css/css_inline-block.html]
[www.w3schools.com/css/paris.jpg]
[www.w3schools.com/css/css_align.html]
[ajax.googleapis.com/ajax/libs/jquery/1.11.3/jquery.min.js]
[www.w3schools.com/css/css_combinators.html]
[www.w3schools.com/css/css_pseudo_classes.html]
[www.w3schools.com/css/css_pseudo_elements.html]
[www.w3schools.com/css/klematis.jpg]
[www.w3schools.com/css/img_forest.jpg]
[www.w3schools.com/css/img_lights.jpg]
[www.w3schools.com/css/img_mountains.jpg]
[www.w3schools.com/css/img_fjords.jpg]
[www.w3schools.com/css/css_image_transparency.html]
[www.w3schools.com/css/navbar_responsive_hor.jpg]
[www.w3schools.com/css/navbar_responsive_ver.jpg]
[www.w3schools.com/css/css_navbar.html]
[www.w3schools.com/css/css_dropdowns.html]
[www.w3schools.com/css/css_tooltip.html]
[www.w3schools.com/css/responsiveImgGallery.jpg]
[www.w3schools.com/css/css_image_gallery.html]
[www.w3schools.com/css/img_navsprites.gif]
[www.w3schools.com/css/img_navsprites_hover.gif]
[www.w3schools.com/css/css_image_sprites.html]
[www.w3schools.com/css/css_attribute_selectors.html]
[www.w3schools.com/css/searchicon.png]
[www.w3schools.com/css/css_form.html]
[www.w3schools.com/css/css_counters.html]
[www.w3schools.com/images/w3-green-logo.png]
[www.w3schools.com/css/css3_intro.html]
[www.w3schools.com/browserref.css]
[www.w3schools.com/css/paper.gif]
[www.w3schools.com/css/css3_borders.html]
[www.w3schools.com/css/border.png]
[www.w3schools.com/css/css3_border_images.html]
[www.w3schools.com/css/img_flwr.gif]
[www.w3schools.com/css/css3_backgrounds.html]
[www.w3schools.com/css/css3_colors.html]
[www.w3schools.com/css/css3_gradients.html]
[www.w3schools.com/css/rock600x400.jpg]
[www.w3schools.com/css/css3_shadows.html]
[www.w3schools.com/css/css3_text_effects.html]
[www.w3schools.com/css/font.gif]
[www.w3schools.com/css/css3_fonts.html]
[www.w3schools.com/css/transform_translate.gif]
[www.w3schools.com/css/transform_rotate.gif]
[www.w3schools.com/css/transform_scale.gif]
[www.w3schools.com/css/css3_2dtransforms.html]
[www.w3schools.com/css/transform_rotatex.gif]
[www.w3schools.com/css/transform_rotatey.gif]
[www.w3schools.com/css/css3_3dtransforms.html]
[www.w3schools.com/css/css3_transitions.html]
[www.w3schools.com/css/css3_animations.html]
[www.w3schools.com/css/lights600x400.jpg]
[www.w3schools.com/css/css3_images.html]
[www.w3schools.com/css/css3_buttons.html]
[www.w3schools.com/css/css3_pagination.html]
[www.w3schools.com/css/css3_multiple_columns.html]
[www.w3schools.com/css/css3_user_interface.html]
[www.w3schools.com/css/css3_box-sizing.html]
[www.w3schools.com/css/css3_flexbox.html]
[www.w3schools.com/css/css3_mediaqueries.html]
[www.w3schools.com/css/css3_mediaqueries_ex.html]
[www.w3schools.com/css/rwd_desktop.png]
[www.w3schools.com/css/rwd_tablet.png]
[www.w3schools.com/css/rwd_phone.png]
[www.w3schools.com/css/css_rwd_intro.html]
[www.w3schools.com/css/example_withoutviewport.html]
[www.w3schools.com/css/img_viewport1.png]
[www.w3schools.com/css/img_viewport2.png]
[www.w3schools.com/css/css_rwd_viewport.html]
[www.w3schools.com/css/css_rwd_grid.html]
[www.w3schools.com/css/css_rwd_mediaqueries.html]
[www.w3schools.com/css/img_flowers.jpg]
[www.w3schools.com/css/img_smallflower.jpg]
[www.w3schools.com/css/css_rwd_images.html]
[www.w3schools.com/css/css_rwd_videos.html]
[www.w3schools.com/css/css_rwd_frameworks.html]
[www.w3schools.com/css/img_temp_band.jpg]
[www.w3schools.com/css/img_temp_design.jpg]
[www.w3schools.com/css/img_temp_blog.jpg]
[www.w3schools.com/css/img_temp_photo.jpg]
[www.w3schools.com/css/img_temp_startpage.jpg]
[www.w3schools.com/css/img_temp_portfolio.jpg]
[www.w3schools.com/css/img_temp_parallax.jpg]
[www.w3schools.com/css/img_temp_marketing.jpg]
[www.w3schools.com/css/img_temp_website.jpg]
[www.w3schools.com/css/img_temp_demosite.jpg]
[www.w3schools.com/css/img_temp_webpage.jpg]
[www.w3schools.com/css/img_temp_social.jpg]
[www.w3schools.com/css/img_temp_analytics.jpg]
[www.w3schools.com/css/img_temp_fifty.jpg]
[www.w3schools.com/css/img_temp_travel.jpg]
[www.w3schools.com/w3css/img_temp_mail.jpg]
[www.w3schools.com/css/css_rwd_templates.html]
[www.w3schools.com/css/css_examples.html]
[www.w3schools.com/css/css_quiz.html]
[www.w3schools.com/cert/pic_html_cert_small.gif]
[www.w3schools.com/css/css_exam.html]
[www.w3schools.com/lib/w3codecolor.js]
[www.w3schools.com/images/stack_vertically.png]
[www.w3schools.com/images/stack_horizontally.png]
[www.w3schools.com/css/tryit438d.html]
[www.w3schools.com/lib/w3schools_footer.js]
[www.w3schools.com/lib/fonts/fontawesome8deb.svg]
[www.w3schools.com/css/demo_default.html]
[www.w3schools.com/css/tryit059a.html]
[www.w3schools.com/css/tryit6cd1.html]
[www.w3schools.com/css/tryit758e.html]
[www.w3schools.com/css/tryit561a.html]
[www.w3schools.com/css/tryit979d.html]
[www.w3schools.com/css/tryitdea6.html]
[www.w3schools.com/css/tryit7b98.html]
[www.w3schools.com/css/tryitb5fe.html]
[cdnjs.cloudflare.com/ajax/libs/font-awesome/4.4.0/css/font-awesome.min.css]
[connect.facebook.net/nb_NO/sdk.js]
[www.w3schools.com/css/exercisee24f.html]
[www.w3schools.com/css/exercisec72e.html]
[www.w3schools.com/css/exercise6ebd.html]
[www.w3schools.com/css/exercise4da1.html]
[www.w3schools.com/css/tryit4784.html]
[www.w3schools.com/css/tryitc6df.html]
[www.w3schools.com/css/tryit3df2.html]
[www.w3schools.com/css/tryiteae8.html]
[www.w3schools.com/css/tryit5ced.html]
[www.w3schools.com/css/tryit7be4.html]
[www.w3schools.com/css/exercise1ce7.html]
[www.w3schools.com/css/exercisebcfb.html]
[www.w3schools.com/css/exercisebb34.html]
[www.w3schools.com/css/exercise4d45.html]
[www.w3schools.com/css/tryitb00f.html]
[www.w3schools.com/css/tryit33c9.html]
[www.w3schools.com/css/tryit7f5c.html]
[www.w3schools.com/css/tryit1a9a.html]
[www.w3schools.com/css/tryit9a7f.html]
[www.w3schools.com/css/tryit3c26.html]
[www.w3schools.com/css/tryit3e53.html]
[www.w3schools.com/css/tryitba26.html]
[www.w3schools.com/css/bgdesert.jpg]
[www.w3schools.com/css/tryit4614.html]
[www.w3schools.com/css/gradient_bg.png]
[www.w3schools.com/css/tryit82e6.html]
[www.w3schools.com/css/tryit5773.html]
[www.w3schools.com/css/img_tree.png]
[www.w3schools.com/css/tryit6e59.html]
[www.w3schools.com/css/tryit6009.html]
[www.w3schools.com/css/tryit3d6b.html]
[www.w3schools.com/css/tryitaf20.html]
[www.w3schools.com/css/exercisefe3a.html]
[www.w3schools.com/css/exerciseff2b.html]
[www.w3schools.com/css/gradient_bg_vertical.png]
[www.w3schools.com/css/exercisec42e.html]
[www.w3schools.com/css/exercisec5ba.html]
[www.w3schools.com/css/exercise226d.html]
[www.w3schools.com/css/tryitaf4a.html]
[www.w3schools.com/css/tryitd1e6.html]
[www.w3schools.com/css/tryit249c.html]
[www.w3schools.com/css/tryit948d.html]
[www.w3schools.com/css/tryit7bcd.html]
[www.w3schools.com/css/tryit2a57.html]
[www.w3schools.com/css/tryit0239.html]
[www.w3schools.com/css/tryit10ec.html]
[www.w3schools.com/css/tryit1aee.html]
[www.w3schools.com/css/tryit9f9d.html]
[www.w3schools.com/css/tryit785f.html]
[www.w3schools.com/css/tryit23e2.html]
[www.w3schools.com/css/tryitad55.html]
[www.w3schools.com/css/tryit313f.html]
[www.w3schools.com/css/exercise6e5f.html]
[www.w3schools.com/css/exercise34d6.html]
[www.w3schools.com/css/exercise7ca3.html]
[www.w3schools.com/css/exercise2c0c.html]
[www.w3schools.com/css/tryit89c4.html]
[www.w3schools.com/css/tryit46c7.html]
[www.w3schools.com/css/tryitc5dd.html]
[www.w3schools.com/css/tryit2d48.html]
[www.w3schools.com/css/tryit174a.html]
[www.w3schools.com/css/exercisee05d.html]
[www.w3schools.com/css/exercise4414.html]
[www.w3schools.com/css/exercise5a31.html]
[www.w3schools.com/css/exercisedd74.html]
[www.w3schools.com/css/tryitb587.html]
[www.w3schools.com/css/tryit7a9a.html]
[www.w3schools.com/css/tryitf91a.html]
[www.w3schools.com/css/tryit6a03.html]
[www.w3schools.com/css/tryite883.html]
[www.w3schools.com/css/tryita159.html]
[www.w3schools.com/css/tryit6b9f.html]
[www.w3schools.com/css/tryit3989.html]
[www.w3schools.com/css/exercisee955.html]
[www.w3schools.com/css/exercise59cd.html]
[www.w3schools.com/css/exercisec41c.html]
[www.w3schools.com/css/tryitffd8.html]
[www.w3schools.com/css/tryit53bb.html]
[www.w3schools.com/css/tryit7350.html]
[www.w3schools.com/css/ocean.jpg]
[www.w3schools.com/css/tryit3394.html]
[www.w3schools.com/css/tryit892a.html]
[www.w3schools.com/css/tryit470c.html]
[www.w3schools.com/css/tryit68b0.html]
[www.w3schools.com/css/exercise884d.html]
[www.w3schools.com/css/exerciseabf6.html]
[www.w3schools.com/css/tryita7e3.html]
[www.w3schools.com/css/klematis4_big.jpg]
[www.w3schools.com/css/tryitb31c.html]
[www.w3schools.com/css/exercise0c2f.html]
[www.w3schools.com/css/exercise85e3.html]
[www.w3schools.com/css/exercise9d90.html]
[www.w3schools.com/css/exercisea699.html]
[www.w3schools.com/css/tryitda6b.html]
[www.w3schools.com/css/tryitd231.html]
[www.w3schools.com/css/tryit8da9.html]
[www.w3schools.com/css/tryit681b.html]
[www.w3schools.com/css/exercisee0c7.html]
[www.w3schools.com/css/exercise9cc9.html]
[www.w3schools.com/css/exercisee21b.html]
[www.w3schools.com/css/tryitaeac.html]
[www.w3schools.com/css/tryita86c.html]
[www.w3schools.com/css/tryit6191.html]
[www.w3schools.com/css/tryit89c0.html]
[www.w3schools.com/css/tryitd447.html]
[www.w3schools.com/css/tryit6cff.html]
[www.w3schools.com/css/tryitea05.html]
[www.w3schools.com/css/tryit6d5c.html]
[www.w3schools.com/css/tryit3123.html]
[www.w3schools.com/css/tryit44c1.html]
[www.w3schools.com/css/tryit6f15.html]
[www.w3schools.com/css/tryit6926.html]
[www.w3schools.com/css/tryit96c9.html]
[www.w3schools.com/css/w3schools_logo.gif]
[www.w3schools.com/css/tryit0c65.html]
[www.w3schools.com/css/tryit9f9b.html]
[www.w3schools.com/css/exercisebce8.html]
[www.w3schools.com/css/exercise354d.html]
[www.w3schools.com/css/exercise944a.html]
[www.w3schools.com/css/exercise5f98.html]
[www.w3schools.com/css/exerciseff1f.html]
[www.w3schools.com/css/tryit4238.html]
[www.w3schools.com/css/tryit74fb.html]
[www.w3schools.com/css/tryitbc1d.html]
[www.w3schools.com/css/tryit2806.html]
[www.w3schools.com/css/tryitff7e.html]
[www.w3schools.com/css/tryitf616.html]
[www.w3schools.com/css/tryit193f.html]
[www.w3schools.com/css/tryit46ae.html]
[www.w3schools.com/css/exercisec910.html]
[www.w3schools.com/css/exerciseddfd.html]
[www.w3schools.com/css/exercise9ef2.html]
[www.w3schools.com/css/exercisecd8d.html]
[www.w3schools.com/css/exercisee5bc.html]
[www.w3schools.com/css/tryitaf1e.html]
[www.w3schools.com/css/tryit9cfd.html]
[www.w3schools.com/css/tryit56a1.html]
[www.w3schools.com/css/tryitafeb.html]
[www.w3schools.com/css/tryit051c.html]
[www.w3schools.com/css/tryitb066.html]
[www.w3schools.com/css/tryitf6ca.html]
[www.w3schools.com/css/exercise94c9.html]
[www.w3schools.com/css/exercise0377.html]
[www.w3schools.com/css/exercise953c.html]
[www.w3schools.com/css/exercise233d.html]
[www.w3schools.com/css/tryit4ab9.html]
[www.w3schools.com/css/sqpurple.gif]
[www.w3schools.com/css/tryitf2b7.html]
[www.w3schools.com/css/tryitfa9c.html]
[www.w3schools.com/css/tryitc76e.html]
[www.w3schools.com/css/tryitf009.html]
[www.w3schools.com/css/tryit91e9.html]
[www.w3schools.com/css/tryit896a.html]
[www.w3schools.com/css/tryit3139.html]
[www.w3schools.com/css/exercise44e0.html]
[www.w3schools.com/css/exercise805f.html]
[www.w3schools.com/css/img_marker.png]
[www.w3schools.com/css/exercise25a5.html]
[www.w3schools.com/css/trycss_table_border_iframe.html]
[www.w3schools.com/css/tryit7d2f.html]
[www.w3schools.com/css/trycss_table_border-collapse_iframe.html]
[www.w3schools.com/css/tryit0bfc.html]
[www.w3schools.com/css/trycss_table_border2_iframe.html]
[www.w3schools.com/css/tryite0cd.html]
[www.w3schools.com/css/trycss_table_width_iframe.html]
[www.w3schools.com/css/tryitfa95.html]
[www.w3schools.com/css/trycss_table_align_iframe.html]
[www.w3schools.com/css/tryitefd0.html]
[www.w3schools.com/css/trycss_table_vertical-align_iframe.html]
[www.w3schools.com/css/tryitb6fe.html]
[www.w3schools.com/css/trycss_table_border-padding_iframe.html]
[www.w3schools.com/css/tryite0b2.html]
[www.w3schools.com/css/tryit55d6.html]
[www.w3schools.com/css/tryit147b.html]
[www.w3schools.com/css/tryit68c5.html]
[www.w3schools.com/css/tryitf3ff.html]
[www.w3schools.com/css/tryit4335.html]
[www.w3schools.com/css/tryitfbac.html]
[www.w3schools.com/css/tryit7a2e.html]
[www.w3schools.com/css/exercise80ae.html]
[www.w3schools.com/css/exercised2f9.html]
[www.w3schools.com/css/exercise1ffb.html]
[www.w3schools.com/css/exercise6c3f.html]
[www.w3schools.com/css/exercise38e7.html]
[www.w3schools.com/css/exercise618a.html]
[www.w3schools.com/css/tryit35a1.html]
[www.w3schools.com/css/tryitc72e.html]
[www.w3schools.com/css/tryitd6f4.html]
[www.w3schools.com/css/tryit3fbf.html]
[www.w3schools.com/css/tryitfccc.html]
[www.w3schools.com/css/klematis_small.jpg]
[www.w3schools.com/css/klematis2_small.jpg]
[www.w3schools.com/css/klematis3_small.jpg]
[www.w3schools.com/css/tryit6bea.html]
[www.w3schools.com/css/tryitf471.html]
[www.w3schools.com/css/exercise3220.html]
[www.w3schools.com/css/exercisedb74.html]
[www.w3schools.com/css/exercisec61b.html]
[www.w3schools.com/css/exercise47a4.html]
[www.w3schools.com/css/tryit019e.html]
[www.w3schools.com/css/tryit1882.html]
[www.w3schools.com/css/tryitdd82.html]
[www.w3schools.com/css/tryit8c3e.html]
[www.w3schools.com/css/tryit3149.html]
[www.w3schools.com/css/tryit089e.html]
[www.w3schools.com/css/tryit5822.html]
[www.w3schools.com/css/tryitef9a.html]
[www.w3schools.com/css/tryitd915.html]
[www.w3schools.com/css/tryite5c6.html]
[www.w3schools.com/css/tryitcf58.html]
[www.w3schools.com/css/tryit1049.html]
[www.w3schools.com/css/tryit7cb5.html]
[www.w3schools.com/css/tryitcad1.html]
[www.w3schools.com/css/tryit8646.html]
[www.w3schools.com/css/exercise290b.html]
[www.w3schools.com/css/exercise2d2a.html]
[www.w3schools.com/css/exercise6c94.html]
[www.w3schools.com/css/exercise9203.html]
[www.w3schools.com/css/exerciseabb7.html]
[www.w3schools.com/css/tryit14e2.html]
[www.w3schools.com/css/tryitbe4e.html]
[www.w3schools.com/css/tryitea6b.html]
[www.w3schools.com/css/tryitfd80.html]
[www.w3schools.com/css/tryit8949.html]
[www.w3schools.com/css/tryit6cbf.html]
[www.w3schools.com/css/tryitdc10.html]
[www.w3schools.com/css/tryit448a.html]
[www.w3schools.com/css/tryitf95b.html]
[www.w3schools.com/css/tryitdc63.html]
[www.w3schools.com/css/tryit34c1.html]
[www.w3schools.com/css/tryitfb5c.html]
[www.w3schools.com/css/tryitdd3c.html]
[www.w3schools.com/css/tryitcc8a.html]
[www.w3schools.com/css/tryit97c1.html]
[www.w3schools.com/css/tryitb1e1.html]
[www.w3schools.com/css/tryit5e0e.html]
[www.w3schools.com/css/tryit2577.html]
[www.w3schools.com/css/tryit7ff6.html]
[www.w3schools.com/css/tryitc326.html]
[www.w3schools.com/css/tryit795e.html]
[www.w3schools.com/css/tryitae98.html]
[www.w3schools.com/css/tryitdee4.html]
[www.w3schools.com/css/tryit2411.html]
[www.w3schools.com/css/tryit7833.html]
[www.w3schools.com/css/tryit9664.html]
[www.w3schools.com/css/tryita36d.html]
[www.w3schools.com/css/exercise05d0.html]
[www.w3schools.com/css/exercise17a3.html]
[www.w3schools.com/css/tryit393d.html]
[www.w3schools.com/css/tryit6031.html]
[www.w3schools.com/css/tryit7cec.html]
[www.w3schools.com/css/tryitcf87.html]
[www.w3schools.com/css/exercise0796.html]
[www.w3schools.com/css/exercise8576.html]
[www.w3schools.com/css/exercisebd19.html]
[www.w3schools.com/css/exercisec964.html]
[www.w3schools.com/css/tryit2d7c.html]
[www.w3schools.com/css/tryit230b.html]
[www.w3schools.com/css/tryit6cd1-2.html]
[www.w3schools.com/css/tryit00a0.html]
[www.w3schools.com/css/tryit3ae1.html]
[www.w3schools.com/css/tryitdf75.html]
[www.w3schools.com/css/tryit0a95.html]
[www.w3schools.com/css/tryitde22.html]
[www.w3schools.com/css/exercise9cfa.html]
[www.w3schools.com/css/exercise8d33.html]
[www.w3schools.com/css/exercisea81d.html]
[www.w3schools.com/css/exerciseb34e.html]
[www.w3schools.com/css/tryit63b5.html]
[www.w3schools.com/css/tryit4276.html]
[www.w3schools.com/css/tryit2533.html]
[www.w3schools.com/css/tryit82af.html]
[www.w3schools.com/css/smiley.gif]
[www.w3schools.com/css/tryit8e8b.html]
[www.w3schools.com/css/tryitcb70.html]
[www.w3schools.com/css/tryit9219.html]
[www.w3schools.com/css/exercise8e94.html]
[www.w3schools.com/css/exercise77f5.html]
[www.w3schools.com/css/exerciseb534.html]
[www.w3schools.com/css/tryit8775.html]
[www.w3schools.com/css/tryitfbfe.html]
[www.w3schools.com/css/tryit97ad.html]
[www.w3schools.com/css/tryit5d9d.html]
[www.w3schools.com/css/tryitceb8.html]
[www.w3schools.com/css/tryit0893.html]
[www.w3schools.com/css/exercise67d1.html]
[www.w3schools.com/css/exercise1905.html]
[www.w3schools.com/css/tryitc4ef.html]
[www.w3schools.com/css/tryit1e86.html]
[www.w3schools.com/css/tryit07af.html]
[www.w3schools.com/css/tryitda94.html]
[www.w3schools.com/css/tryit1484.html]
[www.w3schools.com/css/tryitad31.html]
[www.w3schools.com/css/tryit831a.html]
[www.w3schools.com/css/trycss_navbar_vertical_iframe.html]
[www.w3schools.com/css/tryitbe1d.html]
[www.w3schools.com/css/tryit43bc.html]
[www.w3schools.com/css/tryitc7a0.html]
[www.w3schools.com/css/tryit07b8.html]
[www.w3schools.com/css/tryitb6a4.html]
[www.w3schools.com/css/tryitcd0d.html]
[www.w3schools.com/css/tryit9e9e.html]
[www.w3schools.com/css/tryitab33.html]
[www.w3schools.com/css/trycss_navbar_horizontal_iframe.html]
[www.w3schools.com/css/tryit3e7f.html]
[www.w3schools.com/css/trycss_navbar_horizontal_iframe2.html]
[www.w3schools.com/css/tryit1d39.html]
[www.w3schools.com/css/tryit6287.html]
[www.w3schools.com/css/tryitf95e.html]
[www.w3schools.com/css/tryiteca8.html]
[www.w3schools.com/css/trycss_dropdown_navbar.html]
[www.w3schools.com/css/tryitc02c.html]
[www.w3schools.com/css/tryitc51f.html]
[www.w3schools.com/css/tryitda1d.html]
[www.w3schools.com/css/tryit901d.html]
[www.w3schools.com/css/tryitf7f1.html]
[www.w3schools.com/css/tryit1b1c.html]
[www.w3schools.com/css/tryit3e3f.html]
[www.w3schools.com/css/tryit1835.html]
[www.w3schools.com/css/tryit31b6.html]
[www.w3schools.com/css/tryitf139.html]
[www.w3schools.com/css/tryitac1a.html]
[www.w3schools.com/css/tryitb133.html]
[www.w3schools.com/css/tryit216a.html]
[www.w3schools.com/css/tryitd840.html]
[www.w3schools.com/css/tryite1b9.html]
[www.w3schools.com/css/tryit46de.html]
[www.w3schools.com/css/tryit8e89.html]
[www.w3schools.com/css/tryit0e1d.html]
[www.w3schools.com/css/tryit9e9c.html]
[www.w3schools.com/css/tryit7636.html]
[www.w3schools.com/css/tryitc29e.html]
[www.w3schools.com/css/tryit428c.html]
[www.w3schools.com/css/img_trans.gif]
[www.w3schools.com/css/img_tree.gif]
[www.w3schools.com/css/tryitfa06.html]
[www.w3schools.com/css/tryit4284.html]
[www.w3schools.com/css/tryit1d8c.html]
[www.w3schools.com/css/tryitc5c9.html]
[www.w3schools.com/css/tryita277.html]
[www.w3schools.com/css/tryit1c31.html]
[www.w3schools.com/css/exercise0dd7.html]
[www.w3schools.com/css/exercisebc50.html]
[www.w3schools.com/css/klematis4_small.jpg]
[www.w3schools.com/css/exercise4d6b.html]
[www.w3schools.com/css/exercisee55f.html]
[www.w3schools.com/css/exercisec115.html]
[www.w3schools.com/css/exercise8923.html]
[www.w3schools.com/css/tryitdc9e.html]
[www.w3schools.com/css/tryitc596.html]
[www.w3schools.com/css/tryit2395.html]
[www.w3schools.com/css/tryit8b1e.html]
[www.w3schools.com/css/tryit44ee.html]
[www.w3schools.com/css/tryit037d.html]
[www.w3schools.com/css/tryita78e.html]
[www.w3schools.com/css/tryit558e.html]
[www.w3schools.com/css/tryit2882.html]
[www.w3schools.com/css/tryit7a32.html]
[www.w3schools.com/css/tryit3daf.html]
[www.w3schools.com/css/tryit9afc.html]
[www.w3schools.com/css/tryit4082.html]
[www.w3schools.com/css/tryit5a5e.html]
[www.w3schools.com/css/tryitcfd4.html]
[www.w3schools.com/css/tryitbd19.html]
[www.w3schools.com/images/compatible_ie.gif]
[www.w3schools.com/images/compatible_edge.gif]
[www.w3schools.com/images/compatible_firefox.gif]
[www.w3schools.com/images/compatible_chrome.gif]
[www.w3schools.com/images/compatible_safari.gif]
[www.w3schools.com/images/compatible_opera.gif]
[www.w3schools.com/browserref.css]
[www.w3schools.com/css/tryit075a.html]
[www.w3schools.com/css/tryitf239.html]
[www.w3schools.com/css/tryit7ea4.html]
[www.w3schools.com/css/exerciseb516.html]
[www.w3schools.com/css/exercised8b1.html]
[www.w3schools.com/css/tryit20e1.html]
[www.w3schools.com/css/tryit3ba7.html]
[www.w3schools.com/css/tryit7e73.html]
[www.w3schools.com/css/exercise5924.html]
[www.w3schools.com/css/exerciseafe7.html]
[www.w3schools.com/css/tryit6afd.html]
[www.w3schools.com/css/tryit8708.html]
[www.w3schools.com/css/tryit75b9.html]
[www.w3schools.com/css/tryitdc3e.html]
[www.w3schools.com/css/tryit59c5.html]
[www.w3schools.com/css/img_flower.jpg]
[www.w3schools.com/css/tryit3954.html]
[www.w3schools.com/css/tryit54da.html]
[www.w3schools.com/css/tryitdcf8.html]
[www.w3schools.com/css/exercise399c.html]
[www.w3schools.com/css/exercisec1a8.html]
[www.w3schools.com/css/exercise5142.html]
[www.w3schools.com/css/exercise7b4d.html]
[www.w3schools.com/css/exercise6b9a.html]
[www.w3schools.com/css/tryitbf8e.html]
[www.w3schools.com/css/tryit8ef0.html]
[www.w3schools.com/css/tryitd6d7.html]
[www.w3schools.com/css/tryit1868.html]
[www.w3schools.com/css/exercisec987.html]
[www.w3schools.com/css/exercise119a.html]
[www.w3schools.com/css/exerciseb3cf.html]
[www.w3schools.com/css/exercise3a91.html]
[www.w3schools.com/css/tryitfcd7.html]
[www.w3schools.com/css/tryita722.html]
[www.w3schools.com/css/tryit6f4c.html]
[www.w3schools.com/css/tryit364c.html]
[www.w3schools.com/css/tryit6176.html]
[www.w3schools.com/css/tryit5bb5.html]
[www.w3schools.com/css/tryit9997.html]
[www.w3schools.com/css/tryit1921.html]
[www.w3schools.com/css/tryit89ad.html]
[www.w3schools.com/css/tryitf401.html]
[www.w3schools.com/css/tryitd354.html]
[www.w3schools.com/css/tryit5255.html]
[www.w3schools.com/css/tryit129c.html]
[www.w3schools.com/css/exercise1c64.html]
[www.w3schools.com/css/exercise3746.html]
[www.w3schools.com/css/exerciseecf6.html]
[www.w3schools.com/css/exercisecf98.html]
[www.w3schools.com/css/exercise81a8.html]
[www.w3schools.com/css/exercise0059.html]
[www.w3schools.com/css/exercisec7e6.html]
[www.w3schools.com/css/tryitba9e.html]
[www.w3schools.com/css/tryita531.html]
[www.w3schools.com/css/tryit6461.html]
[www.w3schools.com/css/tryit3575.html]
[www.w3schools.com/css/tryitf322.html]
[www.w3schools.com/css/tryitdcf0.html]
[www.w3schools.com/css/tryitcbd9.html]
[www.w3schools.com/css/tryit1d94.html]
[www.w3schools.com/css/tryite7d0.html]
[www.w3schools.com/css/tryitfdfc.html]
[www.w3schools.com/css/tryita4e9.html]
[www.w3schools.com/css/tryit0392.html]
[www.w3schools.com/css/tryitd7ee.html]
[www.w3schools.com/css/exercise7dda.html]
[www.w3schools.com/css/exercise2276.html]
[www.w3schools.com/css/exercisebda5.html]
[www.w3schools.com/css/exercisecbc9.html]
[www.w3schools.com/css/exerciseb2ab.html]
[www.w3schools.com/css/tryit1199.html]
[www.w3schools.com/css/tryitae55.html]
[www.w3schools.com/css/tryit9c61.html]
[www.w3schools.com/css/tryit9fc1.html]
[www.w3schools.com/css/exercise4ef4.html]
[www.w3schools.com/css/exercise327e.html]
[www.w3schools.com/css/exercise93ef.html]
[www.w3schools.com/css/sansation_light.woff]
[www.w3schools.com/css/tryit374e.html]
[www.w3schools.com/css/sansation_bold.woff]
[www.w3schools.com/css/tryit2c15.html]
[www.w3schools.com/css/exercise1d10.html]
[www.w3schools.com/css/exercise35cf.html]
[www.w3schools.com/css/tryit139f.html]
[www.w3schools.com/css/tryit811b.html]
[www.w3schools.com/css/tryita6c0.html]
[www.w3schools.com/css/tryitf3be.html]
[www.w3schools.com/css/tryit213e.html]
[www.w3schools.com/css/tryitf112.html]
[www.w3schools.com/css/tryitf273.html]
[www.w3schools.com/css/tryit92d3.html]
[www.w3schools.com/css/tryitfce5.html]
[www.w3schools.com/css/tryit514d.html]
[www.w3schools.com/css/exercised565.html]
[www.w3schools.com/css/exerciseab58.html]
[www.w3schools.com/css/exercise6e8b.html]
[www.w3schools.com/css/exercisef3fd.html]
[www.w3schools.com/css/tryit1cf7.html]
[www.w3schools.com/css/tryit5fc3.html]
[www.w3schools.com/css/tryit41ef.html]
[www.w3schools.com/css/exercise74a7.html]
[www.w3schools.com/css/exercisef991.html]
[www.w3schools.com/css/exercisea17a.html]
[www.w3schools.com/css/tryit57d2.html]
[www.w3schools.com/css/tryite10e.html]
[www.w3schools.com/css/tryitc563.html]
[www.w3schools.com/css/tryite7e7.html]
[www.w3schools.com/css/tryit6cb6.html]
[www.w3schools.com/css/tryit2c69.html]
[www.w3schools.com/css/tryitb3a7.html]
[www.w3schools.com/css/exerciseb3ef.html]
[www.w3schools.com/css/exercise06f1.html]
[www.w3schools.com/css/exercise544c.html]
[www.w3schools.com/css/exercisedaac.html]
[www.w3schools.com/css/exercise80e0.html]
[www.w3schools.com/css/tryit4135.html]
[www.w3schools.com/css/tryitc224.html]
[www.w3schools.com/css/tryit21fd.html]
[www.w3schools.com/css/tryit227f.html]
[www.w3schools.com/css/tryitc10d.html]
[www.w3schools.com/css/tryit5499.html]
[www.w3schools.com/css/tryited33.html]
[www.w3schools.com/css/tryita186.html]
[www.w3schools.com/css/tryit3ecb.html]
[www.w3schools.com/css/tryita90d.html]
[www.w3schools.com/css/tryitcfe0.html]
[www.w3schools.com/css/exercise948f.html]
[www.w3schools.com/css/exercisebb93.html]
[www.w3schools.com/css/exercisea61b.html]
[www.w3schools.com/css/exercise7b78.html]
[www.w3schools.com/css/exercise827d.html]
[www.w3schools.com/css/exercise25fe.html]
[www.w3schools.com/css/tryitf6c8.html]
[www.w3schools.com/css/tryitf55b.html]
[www.w3schools.com/css/tryitaae8.html]
[www.w3schools.com/css/tryit159e.html]
[www.w3schools.com/css/tryit1d86.html]
[www.w3schools.com/css/tryit826b.html]
[www.w3schools.com/css/tryitadce.html]
[www.w3schools.com/css/tryit7970.html]
[www.w3schools.com/css/pineapple.jpg]
[www.w3schools.com/css/trycss_ex_images_filters.html]
[www.w3schools.com/css/tryit43df.html]
[www.w3schools.com/css/tryit627d.html]
[www.w3schools.com/css/tryit3924.html]
[www.w3schools.com/css/tryit7746.html]
[www.w3schools.com/css/tryit44aa.html]
[www.w3schools.com/css/tryit4d3d.html]
[www.w3schools.com/css/tryita56f.html]
[www.w3schools.com/css/tryit9efb.html]
[www.w3schools.com/css/tryit0f62.html]
[www.w3schools.com/css/tryit6836.html]
[www.w3schools.com/css/tryit07dd.html]
[www.w3schools.com/css/tryit4745.html]
[www.w3schools.com/css/tryit09f5.html]
[www.w3schools.com/css/tryit1bc3.html]
[www.w3schools.com/css/tryitf961.html]
[www.w3schools.com/css/tryit893c.html]
[www.w3schools.com/css/tryit6d31.html]
[www.w3schools.com/css/tryitce0a.html]
[www.w3schools.com/css/tryit14d9.html]
[www.w3schools.com/css/tryitbcda.html]
[www.w3schools.com/css/tryit6e56.html]
[www.w3schools.com/css/tryit8fab.html]
[www.w3schools.com/css/tryit44d1.html]
[www.w3schools.com/css/tryitce60.html]
[www.w3schools.com/css/tryitc41e.html]
[www.w3schools.com/css/tryit89fe.html]
[www.w3schools.com/css/trycss_ex_pagination_nav.html]
[www.w3schools.com/css/tryit5bdf.html]
[www.w3schools.com/css/tryit3872.html]
[www.w3schools.com/css/tryit11d3.html]
[www.w3schools.com/css/tryitfdca.html]
[www.w3schools.com/css/tryit57c9.html]
[www.w3schools.com/css/tryitec78.html]
[www.w3schools.com/css/tryit6bad.html]
[www.w3schools.com/css/tryitc562.html]
[www.w3schools.com/css/tryita623.html]
[www.w3schools.com/css/tryit8220.html]
[www.w3schools.com/css/tryitecea.html]
[www.w3schools.com/css/tryit99a9.html]
[www.w3schools.com/css/tryitd038.html]
[www.w3schools.com/css/tryita110.html]
[www.w3schools.com/css/tryitaba6.html]
[www.w3schools.com/css/tryitfbe1.html]
[www.w3schools.com/css/tryit7877.html]
[www.w3schools.com/css/tryit87f9.html]
[www.w3schools.com/css/tryit4339.html]
[www.w3schools.com/css/tryit5a9c.html]
[www.w3schools.com/css/tryit4735.html]
[www.w3schools.com/css/tryite672.html]
[www.w3schools.com/css/tryit3e4a.html]
[www.w3schools.com/css/tryit9f91.html]
[www.w3schools.com/css/tryit30a0.html]
[www.w3schools.com/css/tryit9239.html]
[www.w3schools.com/css/tryit5421.html]
[www.w3schools.com/css/tryit45d3.html]
[www.w3schools.com/css/tryitfc32.html]
[www.w3schools.com/css/tryitfe2f.html]
[www.w3schools.com/css/tryit2cbd.html]
[www.w3schools.com/css/tryit803f.html]
[www.w3schools.com/css/tryit889c.html]
[www.w3schools.com/css/tryit6ab3.html]
[www.w3schools.com/css/tryit74bb.html]
[www.w3schools.com/css/tryit0143.html]
[www.w3schools.com/css/tryitd3f1.html]
[www.w3schools.com/css/tryitebb8.html]
[www.w3schools.com/css/tryit85f3.html]
[www.w3schools.com/css/tryit2c69-2.html]
[www.w3schools.com/css/tryit3ff7.html]
[www.w3schools.com/css/tryit79dd.html]
[www.w3schools.com/css/tryit4530.html]
[www.w3schools.com/css/tryit4b44.html]
[www.w3schools.com/css/email-icon.png]
[www.w3schools.com/css/tryit01fd.html]
[www.w3schools.com/css/tryit4965.html]
[www.w3schools.com/css/tryit3246.html]
[www.w3schools.com/css/tryit7619.html]
[www.w3schools.com/css/tryit22cd.html]
[www.w3schools.com/css/img_chania.jpg]
[www.w3schools.com/css/example_withoutviewport.html]
[www.w3schools.com/css/example_withviewport.html]
[www.w3schools.com/css/tryresponsive_grid.html]
[www.w3schools.com/css/tryit7066.html]
[www.w3schools.com/css/tryit52e5.html]
[www.w3schools.com/css/tryit43e4.html]
[www.w3schools.com/css/tryitc44a.html]
[www.w3schools.com/css/tryit4387.html]
[www.w3schools.com/css/tryitc1ff.html]
[www.w3schools.com/css/tryit214a.html]
[www.w3schools.com/css/tryitc3b4.html]
[www.w3schools.com/css/tryit4ffe.html]
[www.w3schools.com/css/tryit0370.html]
[www.w3schools.com/css/tryitb659.html]
[www.w3schools.com/css/tryite12e.html]
[www.w3schools.com/css/tryit195a.html]
[www.w3schools.com/css/tryit372a.html]
[www.w3schools.com/css/tryit4f3d.html]
[www.w3schools.com/css/tryit7578.html]
[www.w3schools.com/css/tryit1146.html]
[www.w3schools.com/css/mov_bbb.mp4]
[www.w3schools.com/css/mov_bbb.ogg]
[www.w3schools.com/css/tryitba7a.html]
[www.w3schools.com/css/tryitc1ed.html]
[www.w3schools.com/css/tryitda84.html]
[www.w3schools.com/css/tryit5657.html]
[maxcdn.bootstrapcdn.com/bootstrap/3.3.7/css/bootstrap.min.css]
[ajax.googleapis.com/ajax/libs/jquery/1.12.4/jquery.min.js]
[maxcdn.bootstrapcdn.com/bootstrap/3.3.7/js/bootstrap.min.js]
[www.w3schools.com/css/tryita5e1.html]
[www.w3schools.com/css/tryitac88.html]
[www.w3schools.com/css/tryitc992.html]
[www.w3schools.com/css/tryit8400.html]
[www.w3schools.com/css/tryit953c.html]
[www.w3schools.com/css/tryitac0d.html]
[www.w3schools.com/css/tryita499.html]
[www.w3schools.com/css/tryitfea9.html]
[www.w3schools.com/css/tryite53c.html]
[www.w3schools.com/css/tryitb7f0.html]
[www.w3schools.com/css/tryit5b68.html]
[www.w3schools.com/css/tryit4a2c.html]
[www.w3schools.com/css/tryitae57.html]
[www.w3schools.com/css/tryitf929.html]
[www.w3schools.com/css/tryita259.html]
[www.w3schools.com/css/tryit17d0.html]
[www.w3schools.com/css/tryita6c7.html]
[www.w3schools.com/css/tryit660b.html]
[www.w3schools.com/css/tryit5d11.html]
[www.w3schools.com/css/tryitb1ac.html]
[www.w3schools.com/css/tryit3410.html]
[www.w3schools.com/css/tryit0bb7.html]
[www.w3schools.com/css/tryitab25.html]
[www.w3schools.com/css/tryit471f.html]
[www.w3schools.com/css/tryitf8c5.html]
[www.w3schools.com/css/tryitb74f.html]
[www.w3schools.com/css/tryit9494.html]
[www.w3schools.com/css/tryitcb4d.html]
[www.w3schools.com/css/tryit705a.html]
[www.w3schools.com/css/tryitddbc.html]
[www.w3schools.com/css/tryit4287.html]
[www.w3schools.com/lib/w3codecolor.js]
[www.w3schools.com/css/POST.html]
[cdnjs.cloudflare.com/ajax/libs/font-awesome/4.4.0/css/font-awesome.min.css]
[connect.facebook.net/nb_NO/sdk.js]
[www.w3schools.com/css/css_selectors.html]
[www.w3schools.com/css/mystyle.css]
[maxcdn.bootstrapcdn.com/bootstrap/3.3.7/css/bootstrap.min.css]
[www.w3schools.com/css/ABCDEFGHIJKLMNOPQRSTUVWXYZabcdefghijklmnopqrstuvwxyz0123456789+/index.html]
[www.w3schools.com/css/dialog/index.html]
[www.w3schools.com/css/%s/profile4d6d.html]
